2023-10-19 00:38:54,968 [INFO] Activator:176 - 


2023-10-19 00:38:54,980 [INFO] Activator:177 - !SESSION log4j initialized
2023-10-19 00:39:06,033 [INFO] LogOutputStream:77 - [STDOUT_REDIRECT] 
2023-10-19 00:39:23,911 [ERROR] LogOutputStream:75 - [STDERR_REDIRECT] SLF4J: Failed to load class "org.slf4j.impl.StaticLoggerBinder".
2023-10-19 00:39:23,913 [ERROR] LogOutputStream:75 - [STDERR_REDIRECT] SLF4J: Defaulting to no-operation (NOP) logger implementation
2023-10-19 00:39:23,916 [ERROR] LogOutputStream:75 - [STDERR_REDIRECT] SLF4J: See http://www.slf4j.org/codes.html#StaticLoggerBinder for further details.
2023-10-19 10:00:48,821 [INFO] Activator:176 - 


2023-10-19 10:00:48,831 [INFO] Activator:177 - !SESSION log4j initialized
2023-10-19 10:00:55,472 [INFO] LogOutputStream:77 - [STDOUT_REDIRECT] 
2023-10-19 10:01:12,835 [ERROR] LogOutputStream:75 - [STDERR_REDIRECT] SLF4J: Failed to load class "org.slf4j.impl.StaticLoggerBinder".
2023-10-19 10:01:12,835 [ERROR] LogOutputStream:75 - [STDERR_REDIRECT] SLF4J: Defaulting to no-operation (NOP) logger implementation
2023-10-19 10:01:12,835 [ERROR] LogOutputStream:75 - [STDERR_REDIRECT] SLF4J: See http://www.slf4j.org/codes.html#StaticLoggerBinder for further details.
2023-10-19 11:29:24,798 [INFO] Activator:176 - 


2023-10-19 11:29:24,803 [INFO] Activator:177 - !SESSION log4j initialized
2023-10-19 11:29:35,084 [INFO] LogOutputStream:77 - [STDOUT_REDIRECT] 
2023-10-19 11:29:53,380 [ERROR] LogOutputStream:75 - [STDERR_REDIRECT] SLF4J: Failed to load class "org.slf4j.impl.StaticLoggerBinder".
2023-10-19 11:29:53,382 [ERROR] LogOutputStream:75 - [STDERR_REDIRECT] SLF4J: Defaulting to no-operation (NOP) logger implementation
2023-10-19 11:29:53,392 [ERROR] LogOutputStream:75 - [STDERR_REDIRECT] SLF4J: See http://www.slf4j.org/codes.html#StaticLoggerBinder for further details.
2023-10-19 14:06:34,751 [INFO] Activator:176 - 


2023-10-19 14:06:34,757 [INFO] Activator:177 - !SESSION log4j initialized
2023-10-19 14:06:41,582 [INFO] LogOutputStream:77 - [STDOUT_REDIRECT] 
2023-10-19 14:07:00,529 [ERROR] LogOutputStream:75 - [STDERR_REDIRECT] SLF4J: Failed to load class "org.slf4j.impl.StaticLoggerBinder".
2023-10-19 14:07:00,530 [ERROR] LogOutputStream:75 - [STDERR_REDIRECT] SLF4J: Defaulting to no-operation (NOP) logger implementation
2023-10-19 14:07:00,533 [ERROR] LogOutputStream:75 - [STDERR_REDIRECT] SLF4J: See http://www.slf4j.org/codes.html#StaticLoggerBinder for further details.
